<?xml version="1.0" encoding="UTF-8"?>
<!-- Generated by org.testng.reporters.JUnitReportReporter -->
<testsuite hostname="LAPTOP-5M6A98T7" name="testCases.TestCase04" tests="1" failures="0" timestamp="26 Nov 2018 06:48:58 GMT" time="34.357" errors="0">
  <testcase name="verifyLogin" time="34.357" classname="testCases.TestCase04"/>
</testsuite> <!-- testCases.TestCase04 -->
