<?xml version="1.0" encoding="UTF-8"?>
<!-- Generated by org.testng.reporters.JUnitReportReporter -->
<testsuite hostname="LAPTOP-5M6A98T7" name="demo.Demo1" tests="4" failures="0" timestamp="14 Nov 2018 10:42:51 GMT" time="7.624" errors="0">
  <testcase name="verifyLogin" time="5.582" classname="demo.Demo1"/>
  <testcase name="verifyLogin" time="0.573" classname="demo.Demo1"/>
  <testcase name="verifyLogin" time="0.888" classname="demo.Demo1"/>
  <testcase name="verifyLogin" time="0.581" classname="demo.Demo1"/>
</testsuite> <!-- demo.Demo1 -->
